<?xml version="1.0" encoding="UTF-8"?>
<robot generator="Robot 6.0 (Python 3.10.11 on win32)" generated="20240411 10:56:45.770" rpa="false" schemaversion="3">
<suite id="s1" name="Tests" source="C:\Users\a.mannai\OneDrive - ONEPOINT\Bureau\Robot Framework\Tests">
<suite id="s1-s1" name="Demo" source="C:\Users\a.mannai\OneDrive - ONEPOINT\Bureau\Robot Framework\Tests\Demo">
<suite id="s1-s1-s1" name="testDemo" source="C:\Users\a.mannai\OneDrive - ONEPOINT\Bureau\Robot Framework\Tests\Demo\testDemo.robot">
<kw name="Run Keywords" library="BuiltIn" type="SETUP">
<arg>Create Webdriver</arg>
<arg>Chrome</arg>
<arg>AND</arg>
<arg>Set Selenium Speed</arg>
<arg>1s</arg>
<doc>Executes all the given keywords in a sequence.</doc>
<kw name="Create Webdriver" library="SeleniumLibrary">
<arg>Chrome</arg>
<doc>Creates an instance of Selenium WebDriver.</doc>
<msg timestamp="20240411 10:56:46.000" level="INFO">Creating an instance of the Chrome WebDriver.</msg>
<status status="PASS" starttime="20240411 10:56:46.000" endtime="20240411 10:56:47.838"/>
</kw>
<kw name="Set Selenium Speed" library="SeleniumLibrary">
<arg>1s</arg>
<doc>Sets the delay that is waited after each Selenium command.</doc>
<status status="PASS" starttime="20240411 10:56:47.838" endtime="20240411 10:56:47.838"/>
</kw>
<status status="PASS" starttime="20240411 10:56:46.000" endtime="20240411 10:56:47.838"/>
</kw>
<test id="s1-s1-s1-t1" name="Validate Unsuccessful Authentification" line="10">
<kw name="Open the login page">
<kw name="Go To" library="SeleniumLibrary">
<arg>https://www.bstackdemo.com/signin</arg>
<doc>Navigates the current browser window to the provided ``url``.</doc>
<msg timestamp="20240411 10:56:47.838" level="INFO">Opening url 'https://www.bstackdemo.com/signin'</msg>
<status status="PASS" starttime="20240411 10:56:47.838" endtime="20240411 10:56:49.093"/>
</kw>
<kw name="Element Text Should Be" library="SeleniumLibrary">
<arg>id:login-btn</arg>
<arg>Sign</arg>
<doc>Verifies that element ``locator`` contains exact the text ``expected``.</doc>
<msg timestamp="20240411 10:56:49.093" level="INFO">Verifying element 'id:login-btn' contains exact text 'Sign'.</msg>
<msg timestamp="20240411 10:56:52.254" level="INFO" html="true">&lt;/td&gt;&lt;/tr&gt;&lt;tr&gt;&lt;td colspan="3"&gt;&lt;a href="selenium-screenshot-1.png"&gt;&lt;img src="selenium-screenshot-1.png" width="800px"&gt;&lt;/a&gt;</msg>
<msg timestamp="20240411 10:56:52.258" level="FAIL">The text of element 'id:login-btn' should have been 'Sign' but it was 'LOG IN'.</msg>
<status status="FAIL" starttime="20240411 10:56:49.093" endtime="20240411 10:56:52.285"/>
</kw>
<status status="FAIL" starttime="20240411 10:56:47.838" endtime="20240411 10:56:52.285"/>
</kw>
<tag>demo</tag>
<status status="FAIL" starttime="20240411 10:56:47.838" endtime="20240411 10:56:52.285">The text of element 'id:login-btn' should have been 'Sign' but it was 'LOG IN'.</status>
</test>
<test id="s1-s1-s1-t2" name="Open Google page" line="13">
<kw name="Open the google page">
<kw name="Go To" library="SeleniumLibrary">
<arg>https://google.fr</arg>
<doc>Navigates the current browser window to the provided ``url``.</doc>
<msg timestamp="20240411 10:56:52.285" level="INFO">Opening url 'https://google.fr'</msg>
<status status="PASS" starttime="20240411 10:56:52.285" endtime="20240411 10:56:53.827"/>
</kw>
<kw name="Title Should Be" library="SeleniumLibrary">
<arg>Google</arg>
<doc>Verifies that the current page title equals ``title``.</doc>
<msg timestamp="20240411 10:56:54.848" level="INFO">Page title is 'Google'.</msg>
<status status="PASS" starttime="20240411 10:56:53.827" endtime="20240411 10:56:54.848"/>
</kw>
<status status="PASS" starttime="20240411 10:56:52.285" endtime="20240411 10:56:54.848"/>
</kw>
<tag>demo</tag>
<status status="PASS" starttime="20240411 10:56:52.285" endtime="20240411 10:56:54.848"/>
</test>
<kw name="Close All Browsers" library="SeleniumLibrary" type="TEARDOWN">
<doc>Closes all open browsers and resets the browser cache.</doc>
<status status="PASS" starttime="20240411 10:56:54.851" endtime="20240411 10:56:57.929"/>
</kw>
<status status="FAIL" starttime="20240411 10:56:45.801" endtime="20240411 10:56:57.929"/>
</suite>
<status status="FAIL" starttime="20240411 10:56:45.801" endtime="20240411 10:56:57.929"/>
</suite>
<status status="FAIL" starttime="20240411 10:56:45.770" endtime="20240411 10:56:57.929"/>
</suite>
<statistics>
<total>
<stat pass="1" fail="1" skip="0">All Tests</stat>
</total>
<tag>
<stat pass="1" fail="1" skip="0">demo</stat>
</tag>
<suite>
<stat pass="1" fail="1" skip="0" id="s1" name="Tests">Tests</stat>
<stat pass="1" fail="1" skip="0" id="s1-s1" name="Demo">Tests.Demo</stat>
<stat pass="1" fail="1" skip="0" id="s1-s1-s1" name="testDemo">Tests.Demo.testDemo</stat>
</suite>
</statistics>
<errors>
</errors>
</robot>
